"Aaden"	["Red Sox", 47, 18]
"Aaliyah"	["Cardinals", 30, 43]
"Aarav"	["Cardinals", 27, 55]
"Aaron"	["Red Sox", 55, 24]
"Abbie"	["Cardinals", 32, 38]
"Abbigail"	["Red Sox", 48, 27]
"Abby"	["Red Sox", 48, 27]
"Abdiel"	["Cardinals", 33, 47]
"Abdullah"	["Red Sox", 52, 20]
"Abel"	["Red Sox", 51, 23]
"Abigail"	["Cardinals", 33, 49]
"Abraham"	["Red Sox", 48, 22]
"Abram"	["Red Sox", 54, 33]
"Abrielle"	["Red Sox", 72, 30]
"Abril"	["Cardinals", 25, 37]
"Ace"	["Cardinals", 21, 40]
"Ada"	["Red Sox", 38, 28]
"Adalyn"	["Cardinals", 33, 55]
"Adalynn"	["Red Sox", 58, 33]
"Adam"	["Red Sox", 52, 29]
"Adan"	["Red Sox", 49, 28]
"Addilyn"	["Red Sox", 51, 30]
"Addison"	["Red Sox", 41, 36]
"Addisyn"	["Cardinals", 36, 43]
"Addyson"	["Cardinals", 37, 44]
"Adelaide"	["Cardinals", 34, 45]
"Adele"	["Cardinals", 35, 45]
"Adelina"	["Cardinals", 26, 50]
"Adeline"	["Red Sox", 62, 27]
"Adelyn"	["Cardinals", 30, 46]
"Adelynn"	["Red Sox", 52, 27]
"Aden"	["Red Sox", 47, 34]
"Aditya"	["Red Sox", 50, 28]
"Adley"	["Cardinals", 29, 49]
"Adonis"	["Cardinals", 35, 41]
"Adrian"	["Red Sox", 46, 34]
"Adriana"	["Cardinals", 32, 51]
"Adrianna"	["Red Sox", 46, 21]
"Adriel"	["Red Sox", 57, 31]
"Adrien"	["Cardinals", 20, 46]
"Adrienne"	["Cardinals", 21, 39]
"Agustin"	["Cardinals", 27, 50]
"Ahmad"	["Cardinals", 47, 48]
"Ahmed"	["Red Sox", 42, 23]
"Aidan"	["Cardinals", 33, 50]
"Aiden"	["Cardinals", 29, 47]
"Aidyn"	["Cardinals", 23, 50]
"Aileen"	["Red Sox", 42, 28]
"Aimee"	["Cardinals", 25, 51]
"Ainsley"	["Cardinals", 26, 46]
"Aisha"	["Cardinals", 27, 46]
"Aiyana"	["Cardinals", 30, 43]
"Akira"	["Red Sox", 48, 32]
"Alaina"	["Red Sox", 44, 26]
"Alan"	["Cardinals", 30, 53]
"Alana"	["Cardinals", 33, 56]
"Alani"	["Cardinals", 22, 50]
"Alanna"	["Cardinals", 29, 46]
"Alannah"	["Cardinals", 33, 39]
"Alaya"	["Red Sox", 44, 34]
"Alayah"	["Cardinals", 23, 42]
"Alayna"	["Cardinals", 40, 50]
"Alaysia"	["Cardinals", 28, 44]
"Albert"	["Cardinals", 25, 39]
"Alberto"	["Cardinals", 23, 47]
"Alden"	["Cardinals", 32, 50]
"Aldo"	["Red Sox", 48, 30]
"Aleah"	["Red Sox", 45, 33]
"Alec"	["Cardinals", 33, 55]
"Aleena"	["Cardinals", 24, 49]
"Aleigha"	["Cardinals", 24, 47]
"Alejandra"	["Red Sox", 51, 34]
"Alejandro"	["Red Sox", 45, 24]
"Alena"	["Cardinals", 34, 58]
"Alessandra"	["Red Sox", 47, 32]
"Alessandro"	["Red Sox", 48, 24]
"Alex"	["Cardinals", 32, 51]
"Alexa"	["Red Sox", 53, 24]
"Alexander"	["Cardinals", 32, 44]
"Alexandra"	["Red Sox", 49, 26]
"Alexandria"	["Red Sox", 45, 32]
"Alexia"	["Cardinals", 38, 55]
"Alexis"	["Cardinals", 33, 50]
"Alexzander"	["Red Sox", 57, 32]
"Alfonso"	["Cardinals", 34, 47]
"Alfred"	["Cardinals", 30, 66]
"Alfredo"	["Cardinals", 25, 49]
"Ali"	["Cardinals", 28, 55]
"Alia"	["Cardinals", 33, 41]
"Aliana"	["Cardinals", 29, 54]
"Alice"	["Red Sox", 52, 13]
"Alicia"	["Red Sox", 40, 31]
"Alijah"	["Cardinals", 30, 53]
"Alina"	["Cardinals", 25, 37]
"Alisa"	["Cardinals", 35, 49]
"Alisha"	["Red Sox", 46, 17]
"Alison"	["Red Sox", 45, 22]
"Alissa"	["Cardinals", 34, 59]
"Alisson"	["Cardinals", 30, 51]
"Alivia"	["Cardinals", 27, 45]
"Aliya"	["Red Sox", 43, 32]
"Aliyah"	["Red Sox", 45, 27]
"Aliza"	["Red Sox", 47, 25]
"Allan"	["Red Sox", 43, 30]
"Allen"	["Red Sox", 51, 31]
"Allie"	["Red Sox", 49, 30]
"Allison"	["Cardinals", 29, 51]
"Ally"	["Cardinals", 29, 50]
"Allyson"	["Cardinals", 30, 38]
"Alma"	["Red Sox", 57, 32]
"Alondra"	["Red Sox", 39, 27]
"Alonso"	["Red Sox", 38, 29]
"Alonzo"	["Cardinals", 31, 48]
"Alvaro"	["Red Sox", 54, 19]
"Alvin"	["Cardinals", 23, 52]
"Alyson"	["Cardinals", 28, 50]
"Alyssa"	["Cardinals", 37, 51]
"Alyvia"	["Cardinals", 29, 51]
"Amanda"	["Red Sox", 40, 30]
"Amani"	["Red Sox", 44, 34]
"Amara"	["Cardinals", 24, 57]
"Amare"	["Cardinals", 33, 42]
"Amari"	["Cardinals", 33, 53]
"Amaya"	["Cardinals", 35, 40]
"Amber"	["Red Sox", 48, 30]
"Ameer"	["Cardinals", 39, 54]
"Amelia"	["Cardinals", 27, 51]
"Amelie"	["Cardinals", 24, 54]
"America"	["Cardinals", 28, 39]
"Amina"	["Cardinals", 20, 41]
"Amir"	["Cardinals", 24, 50]
"Amira"	["Red Sox", 49, 25]
"Amirah"	["Cardinals", 23, 47]
"Amiya"	["Red Sox", 60, 36]
"Amiyah"	["Red Sox", 42, 31]
"Amos"	["Red Sox", 49, 28]
"Amy"	["Red Sox", 52, 28]
"Amya"	["Cardinals", 36, 44]
"Ana"	["Cardinals", 28, 46]
"Anabel"	["Red Sox", 37, 29]
"Anabella"	["Red Sox", 50, 29]
"Anabelle"	["Red Sox", 53, 28]
"Anahi"	["Red Sox", 59, 30]
"Analia"	["Cardinals", 26, 43]
"Anastasia"	["Cardinals", 28, 40]
"Anaya"	["Red Sox", 43, 36]
"Anders"	["Red Sox", 39, 25]
"Anderson"	["Red Sox", 48, 35]
"Andre"	["Red Sox", 52, 37]
"Andrea"	["Cardinals", 39, 50]
"Andres"	["Cardinals", 25, 49]
"Andrew"	["Cardinals", 20, 40]
"Andy"	["Red Sox", 57, 20]
"Angel"	["Red Sox", 48, 37]
"Angela"	["Red Sox", 43, 21]
"Angelica"	["Red Sox", 42, 30]
"Angelina"	["Red Sox", 37, 33]
"Angeline"	["Red Sox", 49, 29]
"Angelique"	["Red Sox", 59, 28]
"Angelo"	["Red Sox", 44, 40]
"Angie"	["Cardinals", 29, 47]
"Anika"	["Cardinals", 31, 43]
"Aniya"	["Cardinals", 23, 49]
"Aniyah"	["Red Sox", 37, 25]
"Ann"	["Red Sox", 57, 26]
"Anna"	["Cardinals", 37, 34]
"Annabel"	["Cardinals", 30, 43]
"Annabell"	["Cardinals", 28, 37]
"Annabella"	["Red Sox", 50, 26]
"Annabelle"	["Red Sox", 58, 26]
"Annalee"	["Cardinals", 36, 61]
"Annalise"	["Cardinals", 34, 46]
"Anne"	["Cardinals", 38, 43]
"Annie"	["Red Sox", 48, 35]
"Annika"	["Cardinals", 32, 49]
"Ansley"	["Red Sox", 55, 28]
"Anthony"	["Cardinals", 30, 47]
"Antoine"	["Cardinals", 39, 46]
"Anton"	["Cardinals", 31, 43]
"Antonio"	["Cardinals", 36, 44]
"Anya"	["Cardinals", 26, 43]
"Apollo"	["Cardinals", 26, 41]
"April"	["Red Sox", 37, 30]
"Arabella"	["Cardinals", 36, 43]
"Araceli"	["Cardinals", 33, 53]
"Archer"	["Red Sox", 46, 26]
"Arely"	["Cardinals", 20, 48]
"Ari"	["Red Sox", 52, 29]
"Aria"	["Red Sox", 45, 28]
"Ariah"	["Cardinals", 31, 53]
"Arian"	["Cardinals", 37, 46]
"Ariana"	["Cardinals", 27, 48]
"Arianna"	["Cardinals", 32, 57]
"Ariel"	["Red Sox", 41, 24]
"Ariella"	["Red Sox", 46, 33]
"Arielle"	["Red Sox", 56, 25]
"Arjun"	["Red Sox", 53, 25]
"Arlo"	["Cardinals", 43, 31]
"Armando"	["Cardinals", 30, 52]
"Armani"	["Cardinals", 33, 49]
"Arnav"	["Cardinals", 34, 52]
"Aron"	["Red Sox", 47, 20]
"Arthur"	["Red Sox", 36, 36]
"Arturo"	["Red Sox", 46, 41]
"Arya"	["Cardinals", 30, 51]
"Aryan"	["Cardinals", 26, 50]
"Aryana"	["Cardinals", 37, 46]
"Aryanna"	["Red Sox", 44, 28]
"Asa"	["Cardinals", 23, 33]
"Asher"	["Cardinals", 33, 42]
"Ashley"	["Red Sox", 62, 30]
"Ashlyn"	["Red Sox", 43, 33]
"Ashlynn"	["Red Sox", 53, 34]
"Ashton"	["Red Sox", 51, 25]
"Ashtyn"	["Red Sox", 48, 33]
"Asia"	["Red Sox", 33, 18]
"Aspen"	["Cardinals", 28, 46]
"Athena"	["Red Sox", 46, 29]
"Atticus"	["Red Sox", 47, 29]
"Aubree"	["Cardinals", 29, 52]
"Aubrey"	["Cardinals", 20, 58]
"Aubri"	["Cardinals", 22, 42]
"Aubriana"	["Red Sox", 52, 29]
"Aubrianna"	["Red Sox", 48, 35]
"Aubrie"	["Cardinals", 37, 44]
"Aubrielle"	["Red Sox", 45, 35]
"Audrey"	["Red Sox", 45, 24]
"Audriana"	["Red Sox", 49, 28]
"Audrianna"	["Red Sox", 53, 33]
"Audrina"	["Red Sox", 37, 29]
"August"	["Cardinals", 35, 53]
"Augustine"	["Cardinals", 31, 53]
"Augustus"	["Cardinals", 41, 50]
"Aurora"	["Cardinals", 28, 50]
"Austin"	["Red Sox", 63, 24]
"Austyn"	["Red Sox", 40, 23]
"Autumn"	["Red Sox", 47, 27]
"Ava"	["Red Sox", 56, 25]
"Avah"	["Red Sox", 56, 38]
"Averi"	["Cardinals", 42, 42]
"Averie"	["Cardinals", 32, 36]
"Avery"	["Cardinals", 31, 47]
"Aviana"	["Cardinals", 31, 51]
"Avianna"	["Red Sox", 33, 34]
"Axel"	["Cardinals", 20, 52]
"Axton"	["Cardinals", 28, 39]
"Aya"	["Cardinals", 35, 52]
"Ayaan"	["Cardinals", 28, 39]
"Ayana"	["Red Sox", 58, 31]
"Ayanna"	["Red Sox", 53, 30]
"Aydan"	["Cardinals", 22, 47]
"Ayden"	["Cardinals", 28, 42]
"Aydin"	["Cardinals", 19, 65]
"Ayla"	["Red Sox", 45, 34]
"Ayleen"	["Red Sox", 61, 30]
"Aylin"	["Cardinals", 26, 57]
"Azalea"	["Red Sox", 37, 32]
"Azaria"	["Cardinals", 25, 47]
"Azariah"	["Red Sox", 47, 27]
"Bailee"	["Cardinals", 30, 40]
"Bailey"	["Red Sox", 42, 21]
"Barbara"	["Cardinals", 35, 52]
"Barrett"	["Red Sox", 39, 31]
"Baylee"	["Cardinals", 25, 39]
"Bayleigh"	["Red Sox", 57, 27]
"Beatrice"	["Cardinals", 24, 52]
"Beau"	["Cardinals", 23, 55]
"Beckett"	["Cardinals", 26, 51]
"Beckham"	["Cardinals", 40, 45]
"Belen"	["Cardinals", 30, 59]
"Bella"	["Red Sox", 43, 23]
"Ben"	["Cardinals", 34, 42]
"Benjamin"	["Cardinals", 28, 36]
"Bennett"	["Red Sox", 46, 24]
"Benson"	["Red Sox", 56, 23]
"Bentlee"	["Red Sox", 56, 29]
"Bentley"	["Cardinals", 24, 54]
"Bently"	["Cardinals", 25, 54]
"Benton"	["Red Sox", 50, 21]
"Bethany"	["Cardinals", 23, 45]
"Bianca"	["Cardinals", 31, 50]
"Billy"	["Cardinals", 29, 50]
"Blaine"	["Red Sox", 45, 23]
"Blair"	["Red Sox", 46, 34]
"Blaise"	["Red Sox", 53, 24]
"Blake"	["Cardinals", 28, 39]
"Blakely"	["Cardinals", 34, 56]
"Blaze"	["Red Sox", 55, 38]
"Bo"	["Red Sox", 54, 21]
"Bobby"	["Cardinals", 28, 39]
"Bodhi"	["Cardinals", 35, 48]
"Boston"	["Red Sox", 51, 22]
"Bowen"	["Cardinals", 21, 53]
"Braden"	["Cardinals", 35, 55]
"Bradley"	["Red Sox", 59, 30]
"Brady"	["Cardinals", 25, 60]
"Bradyn"	["Red Sox", 51, 23]
"Braeden"	["Cardinals", 26, 57]
"Braelyn"	["Red Sox", 56, 30]
"Braelynn"	["Cardinals", 46, 51]
"Braiden"	["Red Sox", 53, 33]
"Branden"	["Cardinals", 24, 56]
"Brandon"	["Red Sox", 49, 24]
"Branson"	["Cardinals", 24, 42]
"Brantley"	["Cardinals", 28, 37]
"Braxton"	["Red Sox", 48, 31]
"Brayan"	["Cardinals", 25, 60]
"Brayden"	["Red Sox", 46, 31]
"Braydon"	["Red Sox", 51, 30]
"Braylee"	["Cardinals", 32, 54]
"Braylen"	["Cardinals", 34, 53]
"Braylon"	["Cardinals", 23, 45]
"Breanna"	["Red Sox", 50, 28]
"Brecken"	["Red Sox", 44, 34]
"Bree"	["Red Sox", 57, 35]
"Brenda"	["Cardinals", 28, 50]
"Brendan"	["Cardinals", 34, 46]
"Brenden"	["Cardinals", 28, 46]
"Brendon"	["Red Sox", 47, 33]
"Brenna"	["Red Sox", 42, 21]
"Brennan"	["Cardinals", 37, 53]
"Brennen"	["Red Sox", 45, 20]
"Brent"	["Red Sox", 44, 29]
"Brentley"	["Cardinals", 27, 47]
"Brenton"	["Red Sox", 52, 32]
"Brett"	["Cardinals", 34, 63]
"Bria"	["Red Sox", 49, 32]
"Brian"	["Red Sox", 56, 34]
"Briana"	["Red Sox", 49, 31]
"Brianna"	["Red Sox", 46, 16]
"Brice"	["Red Sox", 48, 33]
"Bridger"	["Cardinals", 30, 52]
"Bridget"	["Red Sox", 37, 28]
"Briella"	["Red Sox", 48, 31]
"Brielle"	["Red Sox", 52, 32]
"Briggs"	["Red Sox", 51, 29]
"Briley"	["Cardinals", 33, 45]
"Brinley"	["Red Sox", 54, 35]
"Brisa"	["Cardinals", 31, 47]
"Bristol"	["Red Sox", 48, 22]
"Britney"	["Red Sox", 44, 29]
"Brittany"	["Cardinals", 28, 50]
"Brock"	["Cardinals", 17, 38]
"Broderick"	["Cardinals", 27, 50]
"Brodie"	["Cardinals", 32, 49]
"Brody"	["Red Sox", 53, 20]
"Brogan"	["Red Sox", 42, 26]
"Bronson"	["Red Sox", 49, 35]
"Brooke"	["Cardinals", 35, 48]
"Brooklyn"	["Red Sox", 42, 26]
"Brooklynn"	["Cardinals", 27, 54]
"Brooks"	["Cardinals", 27, 41]
"Bruce"	["Red Sox", 52, 26]
"Bruno"	["Cardinals", 25, 49]
"Bryan"	["Cardinals", 30, 46]
"Bryanna"	["Cardinals", 39, 43]
"Bryant"	["Cardinals", 27, 49]
"Bryce"	["Red Sox", 57, 36]
"Brycen"	["Cardinals", 26, 42]
"Brylee"	["Red Sox", 53, 27]
"Bryleigh"	["Red Sox", 42, 27]
"Bryn"	["Red Sox", 46, 33]
"Brynlee"	["Red Sox", 63, 27]
"Brynn"	["Red Sox", 42, 42]
"Bryson"	["Cardinals", 31, 55]
"Byron"	["Red Sox", 35, 23]
"Cade"	["Red Sox", 47, 21]
"Caden"	["Red Sox", 52, 35]
"Cadence"	["Red Sox", 44, 32]
"Cael"	["Cardinals", 39, 54]
"Caiden"	["Red Sox", 49, 34]
"Cailyn"	["Red Sox", 60, 26]
"Cain"	["Cardinals", 28, 45]
"Caitlin"	["Cardinals", 37, 48]
"Caitlyn"	["Cardinals", 21, 62]
"Cale"	["Red Sox", 57, 24]
"Caleb"	["Red Sox", 60, 30]
"Cali"	["Red Sox", 58, 33]
"Callan"	["Cardinals", 30, 47]
"Callen"	["Cardinals", 27, 37]
"Callie"	["Red Sox", 55, 28]
"Callum"	["Red Sox", 58, 24]
"Calvin"	["Red Sox", 68, 30]
"Cambria"	["Red Sox", 37, 30]
"Camden"	["Red Sox", 39, 32]
"Camdyn"	["Red Sox", 58, 29]
"Cameron"	["Cardinals", 35, 45]
"Camila"	["Red Sox", 66, 30]
"Camilla"	["Cardinals", 28, 41]
"Camille"	["Red Sox", 56, 35]
"Camilo"	["Cardinals", 36, 47]
"Campbell"	["Red Sox", 45, 30]
"Camren"	["Cardinals", 30, 35]
"Camron"	["Cardinals", 27, 47]
"Camryn"	["Red Sox", 52, 31]
"Cannon"	["Cardinals", 26, 42]
"Cara"	["Red Sox", 46, 33]
"Carissa"	["Red Sox", 49, 34]
"Carl"	["Red Sox", 48, 19]
"Carla"	["Cardinals", 34, 41]
"Carlee"	["Red Sox", 49, 39]
"Carleigh"	["Cardinals", 35, 39]
"Carley"	["Cardinals", 24, 48]
"Carlie"	["Cardinals", 39, 51]
"Carlos"	["Cardinals", 24, 40]
"Carly"	["Cardinals", 37, 44]
"Carmelo"	["Cardinals", 21, 46]
"Carmen"	["Cardinals", 29, 42]
"Carolina"	["Cardinals", 37, 60]
"Caroline"	["Cardinals", 20, 60]
"Carolyn"	["Cardinals", 26, 48]
"Carson"	["Red Sox", 46, 33]
"Carter"	["Cardinals", 35, 48]
"Case"	["Red Sox", 54, 29]
"Casen"	["Cardinals", 35, 46]
"Casey"	["Red Sox", 60, 31]
"Cash"	["Cardinals", 29, 47]
"Cason"	["Red Sox", 45, 24]
"Cassandra"	["Red Sox", 44, 20]
"Cassidy"	["Red Sox", 51, 36]
"Cassius"	["Cardinals", 30, 40]
"Cataleya"	["Red Sox", 67, 21]
"Catalina"	["Cardinals", 21, 46]
"Catherine"	["Red Sox", 53, 30]
"Cayden"	["Red Sox", 52, 25]
"Caylee"	["Red Sox", 49, 32]
"Cayson"	["Cardinals", 37, 50]
"Cecelia"	["Cardinals", 31, 45]
"Cecilia"	["Red Sox", 44, 30]
"Cedric"	["Cardinals", 19, 48]
"Celeste"	["Cardinals", 28, 41]
"Celia"	["Red Sox", 48, 25]
"Celine"	["Cardinals", 23, 44]
"Cesar"	["Cardinals", 28, 56]
"Chace"	["Cardinals", 34, 53]
"Chad"	["Red Sox", 47, 28]
"Chaim"	["Cardinals", 24, 47]
"Chana"	["Red Sox", 37, 30]
"Chance"	["Cardinals", 35, 48]
"Chandler"	["Cardinals", 21, 61]
"Chanel"	["Cardinals", 30, 46]
"Channing"	["Cardinals", 19, 51]
"Charity"	["Red Sox", 41, 32]
"Charlee"	["Red Sox", 58, 28]
"Charleigh"	["Cardinals", 29, 50]
"Charles"	["Cardinals", 23, 43]
"Charley"	["Cardinals", 25, 62]
"Charli"	["Cardinals", 22, 39]
"Charlie"	["Red Sox", 47, 31]
"Charlize"	["Red Sox", 41, 29]
"Charlotte"	["Cardinals", 26, 41]
"Chase"	["Red Sox", 48, 21]
"Chaya"	["Cardinals", 27, 49]
"Chelsea"	["Cardinals", 34, 42]
"Cherish"	["Cardinals", 29, 48]
"Cheyanne"	["Red Sox", 44, 27]
"Cheyenne"	["Red Sox", 51, 32]
"Chloe"	["Red Sox", 43, 27]
"Chris"	["Red Sox", 63, 33]
"Christian"	["Cardinals", 20, 54]
"Christina"	["Red Sox", 39, 20]
"Christine"	["Red Sox", 50, 22]
"Christopher"	["Red Sox", 48, 24]
"Ciara"	["Cardinals", 26, 49]
"Cindy"	["Red Sox", 64, 31]
"Claire"	["Red Sox", 45, 30]
"Clara"	["Cardinals", 41, 47]
"Clare"	["Cardinals", 30, 40]
"Clarissa"	["Red Sox", 53, 34]
"Clark"	["Cardinals", 30, 53]
"Claudia"	["Cardinals", 35, 56]
"Clay"	["Red Sox", 41, 23]
"Clayton"	["Red Sox", 32, 27]
"Clinton"	["Red Sox", 41, 31]
"Cody"	["Red Sox", 53, 21]
"Cohen"	["Cardinals", 27, 49]
"Colby"	["Red Sox", 55, 23]
"Cole"	["Cardinals", 23, 50]
"Coleman"	["Red Sox", 54, 25]
"Colette"	["Cardinals", 29, 36]
"Colin"	["Red Sox", 47, 27]
"Collin"	["Red Sox", 57, 35]
"Collins"	["Red Sox", 56, 24]
"Colt"	["Cardinals", 31, 32]
"Colten"	["Cardinals", 27, 46]
"Colton"	["Cardinals", 35, 47]
"Conner"	["Red Sox", 45, 37]
"Connor"	["Red Sox", 48, 31]
"Conor"	["Red Sox", 46, 23]
"Conrad"	["Cardinals", 22, 46]
"Cooper"	["Red Sox", 57, 23]
"Cora"	["Cardinals", 30, 47]
"Coraline"	["Red Sox", 43, 29]
"Corbin"	["Cardinals", 36, 38]
"Corey"	["Cardinals", 23, 53]
"Corinne"	["Cardinals", 34, 49]
"Cory"	["Cardinals", 36, 44]
"Courtney"	["Cardinals", 32, 53]
"Craig"	["Cardinals", 33, 33]
"Crew"	["Red Sox", 52, 30]
"Cristian"	["Cardinals", 21, 54]
"Cristina"	["Cardinals", 28, 47]
"Cristopher"	["Cardinals", 25, 37]
"Crosby"	["Red Sox", 45, 22]
"Cruz"	["Red Sox", 69, 28]
"Crystal"	["Cardinals", 28, 48]
"Cullen"	["Cardinals", 35, 44]
"Curtis"	["Cardinals", 23, 48]
"Cynthia"	["Cardinals", 37, 49]
"Cyrus"	["Red Sox", 51, 30]
"Dahlia"	["Cardinals", 26, 46]
"Daisy"	["Cardinals", 25, 55]
"Dakota"	["Red Sox", 54, 34]
"Dalilah"	["Red Sox", 48, 29]
"Dallas"	["Cardinals", 24, 42]
"Dalton"	["Cardinals", 28, 42]
"Damari"	["Cardinals", 19, 59]
"Damarion"	["Red Sox", 43, 33]
"Damian"	["Red Sox", 43, 37]
"Damien"	["Cardinals", 30, 44]
"Damion"	["Cardinals", 28, 54]
"Damon"	["Red Sox", 47, 24]
"Dana"	["Red Sox", 55, 28]
"Dane"	["Red Sox", 44, 24]
"Dangelo"	["Red Sox", 43, 36]
"Danica"	["Cardinals", 28, 35]
"Daniel"	["Red Sox", 37, 34]
"Daniela"	["Red Sox", 42, 36]
"Daniella"	["Cardinals", 29, 56]
"Danielle"	["Red Sox", 49, 17]
"Danika"	["Cardinals", 34, 58]
"Danna"	["Cardinals", 30, 42]
"Danny"	["Cardinals", 33, 48]
"Dante"	["Cardinals", 34, 42]
"Daphne"	["Cardinals", 36, 54]
"Darian"	["Cardinals", 30, 39]
"Dariel"	["Red Sox", 53, 24]
"Darien"	["Red Sox", 51, 29]
"Dario"	["Cardinals", 23, 48]
"Darius"	["Cardinals", 31, 52]
"Darnell"	["Red Sox", 44, 28]
"Darrell"	["Cardinals", 32, 59]
"Darren"	["Red Sox", 56, 27]
"Darryl"	["Red Sox", 49, 27]
"Darwin"	["Cardinals", 31, 49]
"Davian"	["Cardinals", 33, 46]
"David"	["Red Sox", 53, 32]
"Davin"	["Cardinals", 21, 32]
"Davion"	["Red Sox", 46, 18]
"Davis"	["Red Sox", 47, 32]
"Davon"	["Red Sox", 50, 37]
"Dawson"	["Red Sox", 49, 28]
"Dax"	["Red Sox", 56, 26]
"Daxton"	["Red Sox", 47, 33]
"Dayana"	["Cardinals", 19, 49]
"Dayton"	["Cardinals", 25, 47]
"Deacon"	["Cardinals", 30, 48]
"Dean"	["Cardinals", 30, 31]
"Deandre"	["Cardinals", 27, 55]
"Deangelo"	["Red Sox", 54, 36]
"Deanna"	["Cardinals", 24, 52]
"Deborah"	["Red Sox", 48, 37]
"Declan"	["Red Sox", 58, 25]
"Deegan"	["Cardinals", 24, 47]
"Delaney"	["Cardinals", 27, 59]
"Delilah"	["Red Sox", 45, 20]
"Demarcus"	["Red Sox", 34, 29]
"Demetrius"	["Red Sox", 52, 25]
"Demi"	["Red Sox", 49, 23]
"Denise"	["Cardinals", 17, 47]
"Dennis"	["Red Sox", 46, 27]
"Denzel"	["Cardinals", 18, 43]
"Deon"	["Cardinals", 36, 55]
"Derek"	["Red Sox", 52, 22]
"Derick"	["Cardinals", 29, 37]
"Derrick"	["Red Sox", 45, 38]
"Deshawn"	["Red Sox", 43, 32]
"Desiree"	["Red Sox", 44, 31]
"Desmond"	["Red Sox", 50, 32]
"Destinee"	["Cardinals", 25, 52]
"Destiny"	["Red Sox", 50, 23]
"Devan"	["Cardinals", 36, 42]
"Devin"	["Red Sox", 44, 34]
"Devon"	["Red Sox", 43, 27]
"Devyn"	["Red Sox", 47, 27]
"Dexter"	["Cardinals", 29, 42]
"Diamond"	["Red Sox", 53, 26]
"Diana"	["Red Sox", 45, 29]
"Diego"	["Red Sox", 45, 20]
"Dillon"	["Cardinals", 27, 59]
"Dixie"	["Cardinals", 32, 38]
"Dominic"	["Red Sox", 51, 33]
"Dominick"	["Red Sox", 47, 24]
"Dominik"	["Red Sox", 49, 29]
"Dominique"	["Red Sox", 59, 40]
"Donald"	["Cardinals", 35, 39]
"Donovan"	["Red Sox", 44, 33]
"Donte"	["Cardinals", 31, 51]
"Dorian"	["Red Sox", 53, 32]
"Dorothy"	["Red Sox", 41, 34]
"Douglas"	["Red Sox", 52, 33]
"Drake"	["Cardinals", 30, 48]
"Draven"	["Cardinals", 28, 48]
"Drew"	["Red Sox", 50, 31]
"Dulce"	["Red Sox", 44, 26]
"Duncan"	["Red Sox", 40, 26]
"Dustin"	["Red Sox", 39, 18]
"Dwayne"	["Red Sox", 46, 28]
"Dylan"	["Cardinals", 30, 40]
"Ean"	["Cardinals", 29, 49]
"Easton"	["Cardinals", 23, 47]
"Eddie"	["Red Sox", 44, 33]
"Eden"	["Red Sox", 50, 41]
"Edgar"	["Red Sox", 53, 30]
"Edison"	["Red Sox", 53, 23]
"Edith"	["Red Sox", 48, 29]
"Eduardo"	["Red Sox", 40, 27]
"Edward"	["Red Sox", 54, 31]
"Edwin"	["Cardinals", 36, 60]
"Efrain"	["Red Sox", 42, 35]
"Eileen"	["Red Sox", 58, 31]
"Elaina"	["Red Sox", 45, 24]
"Elaine"	["Red Sox", 46, 35]
"Eleanor"	["Cardinals", 27, 51]
"Elena"	["Cardinals", 30, 51]
"Eli"	["Cardinals", 27, 48]
"Elian"	["Red Sox", 47, 34]
"Eliana"	["Red Sox", 38, 37]
"Elianna"	["Red Sox", 46, 33]
"Elias"	["Cardinals", 25, 47]
"Elijah"	["Cardinals", 28, 50]
"Elin"	["Cardinals", 18, 39]
"Eliot"	["Cardinals", 26, 58]
"Elisa"	["Red Sox", 59, 30]
"Elisabeth"	["Red Sox", 55, 39]
"Elise"	["Cardinals", 22, 47]
"Eliseo"	["Cardinals", 41, 41]
"Elisha"	["Red Sox", 48, 21]
"Elissa"	["Red Sox", 45, 31]
"Eliza"	["Red Sox", 40, 24]
"Elizabeth"	["Red Sox", 50, 29]
"Ella"	["Red Sox", 50, 20]
"Elle"	["Red Sox", 46, 38]
"Ellen"	["Red Sox", 50, 20]
"Elliana"	["Cardinals", 38, 54]
"Ellie"	["Red Sox", 50, 27]
"Elliot"	["Cardinals", 20, 45]
"Elliott"	["Cardinals", 31, 41]
"Ellis"	["Red Sox", 47, 27]
"Eloise"	["Red Sox", 42, 40]
"Elsa"	["Cardinals", 37, 44]
"Elsie"	["Cardinals", 26, 40]
"Elyse"	["Cardinals", 32, 57]
"Emanuel"	["Cardinals", 29, 54]
"Ember"	["Red Sox", 55, 29]
"Emelia"	["Red Sox", 54, 26]
"Emely"	["Cardinals", 26, 56]
"Emerson"	["Red Sox", 51, 25]
"Emersyn"	["Red Sox", 50, 25]
"Emery"	["Red Sox", 58, 19]
"Emilee"	["Red Sox", 63, 37]
"Emilia"	["Cardinals", 32, 38]
"Emiliano"	["Cardinals", 17, 53]
"Emilie"	["Red Sox", 47, 33]
"Emilio"	["Cardinals", 28, 45]
"Emily"	["Red Sox", 47, 34]
"Emma"	["Cardinals", 25, 54]
"Emmalee"	["Red Sox", 42, 26]
"Emmaline"	["Red Sox", 60, 27]
"Emmalyn"	["Red Sox", 44, 33]
"Emmalynn"	["Cardinals", 27, 54]
"Emmanuel"	["Cardinals", 17, 39]
"Emmett"	["Red Sox", 62, 17]
"Emmitt"	["Cardinals", 28, 53]
"Emmy"	["Red Sox", 54, 31]
"Emory"	["Red Sox", 45, 33]
"Enrique"	["Cardinals", 27, 56]
"Enzo"	["Cardinals", 24, 44]
"Eric"	["Red Sox", 51, 26]
"Erica"	["Red Sox", 42, 37]
"Erick"	["Red Sox", 47, 32]
"Erik"	["Cardinals", 32, 49]
"Erika"	["Cardinals", 26, 44]
"Erin"	["Red Sox", 43, 29]
"Ernest"	["Cardinals", 39, 44]
"Ernesto"	["Cardinals", 24, 61]
"Esme"	["Red Sox", 45, 25]
"Esmeralda"	["Cardinals", 27, 50]
"Esteban"	["Red Sox", 52, 29]
"Estella"	["Red Sox", 41, 28]
"Estelle"	["Red Sox", 53, 39]
"Esther"	["Cardinals", 33, 44]
"Estrella"	["Red Sox", 41, 26]
"Ethan"	["Red Sox", 44, 21]
"Eugene"	["Cardinals", 28, 51]
"Eva"	["Red Sox", 54, 29]
"Evalyn"	["Cardinals", 26, 50]
"Evan"	["Cardinals", 31, 36]
"Evangeline"	["Cardinals", 25, 56]
"Eve"	["Red Sox", 62, 32]
"Evelyn"	["Red Sox", 54, 23]
"Evelynn"	["Red Sox", 57, 25]
"Everett"	["Cardinals", 36, 53]
"Everly"	["Cardinals", 28, 41]
"Evie"	["Red Sox", 39, 35]
"Ezekiel"	["Cardinals", 27, 56]
"Ezequiel"	["Red Sox", 47, 32]
"Ezra"	["Cardinals", 35, 45]
"Fabian"	["Cardinals", 23, 48]
"Faith"	["Cardinals", 35, 36]
"Farrah"	["Red Sox", 48, 36]
"Fatima"	["Cardinals", 28, 46]
"Felicity"	["Cardinals", 26, 51]
"Felipe"	["Red Sox", 51, 37]
"Felix"	["Cardinals", 23, 41]
"Fernanda"	["Cardinals", 18, 51]
"Fernando"	["Cardinals", 29, 52]
"Finley"	["Red Sox", 45, 22]
"Finn"	["Red Sox", 39, 35]
"Finnegan"	["Red Sox", 59, 42]
"Fiona"	["Red Sox", 59, 31]
"Fisher"	["Cardinals", 32, 50]
"Fletcher"	["Cardinals", 28, 52]
"Flynn"	["Red Sox", 53, 21]
"Foster"	["Cardinals", 38, 40]
"Frances"	["Red Sox", 49, 21]
"Francesca"	["Cardinals", 26, 51]
"Francis"	["Cardinals", 28, 54]
"Francisco"	["Red Sox", 47, 28]
"Franco"	["Cardinals", 36, 48]
"Frank"	["Red Sox", 48, 33]
"Frankie"	["Red Sox", 54, 33]
"Franklin"	["Red Sox", 51, 33]
"Freddy"	["Cardinals", 36, 43]
"Frederick"	["Cardinals", 28, 38]
"Gabriel"	["Red Sox", 41, 33]
"Gabriela"	["Red Sox", 54, 30]
"Gabriella"	["Cardinals", 30, 38]
"Gabrielle"	["Red Sox", 44, 25]
"Gael"	["Red Sox", 46, 26]
"Gage"	["Cardinals", 33, 40]
"Gaige"	["Red Sox", 43, 29]
"Galilea"	["Cardinals", 43, 66]
"Garrett"	["Cardinals", 37, 44]
"Gary"	["Red Sox", 57, 30]
"Gauge"	["Cardinals", 23, 43]
"Gavin"	["Red Sox", 47, 34]
"Gavyn"	["Red Sox", 48, 28]
"Gemma"	["Cardinals", 29, 53]
"Genesis"	["Red Sox", 58, 27]
"Genevieve"	["Red Sox", 41, 29]
"George"	["Red Sox", 44, 27]
"Georgia"	["Red Sox", 34, 28]
"Gerald"	["Red Sox", 54, 29]
"Geraldine"	["Red Sox", 48, 24]
"Gerardo"	["Red Sox", 37, 28]
"Gia"	["Red Sox", 49, 22]
"Giada"	["Red Sox", 55, 27]
"Giana"	["Red Sox", 52, 24]
"Giancarlo"	["Cardinals", 33, 45]
"Gianna"	["Red Sox", 44, 26]
"Gianni"	["Cardinals", 25, 52]
"Gibson"	["Red Sox", 51, 26]
"Gideon"	["Red Sox", 54, 24]
"Gilbert"	["Red Sox", 46, 33]
"Gilberto"	["Red Sox", 62, 38]
"Giovani"	["Cardinals", 25, 59]
"Giovanna"	["Red Sox", 40, 21]
"Giovanni"	["Red Sox", 54, 33]
"Giovanny"	["Red Sox", 53, 23]
"Giselle"	["Red Sox", 44, 30]
"Gisselle"	["Cardinals", 22, 44]
"Giuliana"	["Red Sox", 39, 26]
"Gloria"	["Red Sox", 58, 30]
"Grace"	["Red Sox", 41, 28]
"Gracelyn"	["Cardinals", 16, 58]
"Gracelynn"	["Red Sox", 54, 36]
"Gracie"	["Red Sox", 51, 29]
"Grady"	["Cardinals", 18, 52]
"Graeme"	["Cardinals", 39, 46]
"Graham"	["Cardinals", 20, 54]
"Grant"	["Red Sox", 52, 27]
"Graysen"	["Cardinals", 39, 49]
"Grayson"	["Red Sox", 50, 35]
"Gregory"	["Cardinals", 39, 41]
"Greta"	["Red Sox", 45, 33]
"Greyson"	["Cardinals", 33, 33]
"Griffin"	["Cardinals", 31, 53]
"Guadalupe"	["Cardinals", 28, 53]
"Guillermo"	["Cardinals", 31, 49]
"Gunnar"	["Red Sox", 36, 31]
"Gunner"	["Red Sox", 54, 28]
"Gustavo"	["Cardinals", 33, 47]
"Gwendolyn"	["Red Sox", 48, 32]
"Hadassah"	["Cardinals", 27, 55]
"Hadley"	["Red Sox", 51, 14]
"Hailee"	["Cardinals", 31, 52]
"Hailey"	["Cardinals", 37, 54]
"Haleigh"	["Red Sox", 47, 29]
"Haley"	["Cardinals", 30, 43]
"Halle"	["Cardinals", 31, 43]
"Hallie"	["Cardinals", 23, 53]
"Hamza"	["Cardinals", 23, 53]
"Hana"	["Cardinals", 23, 54]
"Hank"	["Red Sox", 55, 24]
"Hanna"	["Cardinals", 28, 47]
"Hannah"	["Red Sox", 45, 30]
"Harlee"	["Red Sox", 37, 36]
"Harley"	["Cardinals", 27, 61]
"Harlow"	["Cardinals", 26, 41]
"Harmony"	["Red Sox", 34, 28]
"Harold"	["Cardinals", 43, 53]
"Harper"	["Red Sox", 47, 31]
"Harrison"	["Cardinals", 27, 49]
"Harry"	["Cardinals", 27, 52]
"Harvey"	["Red Sox", 50, 28]
"Hassan"	["Cardinals", 35, 53]
"Hattie"	["Red Sox", 48, 25]
"Haven"	["Cardinals", 27, 46]
"Hayden"	["Cardinals", 27, 55]
"Hayes"	["Cardinals", 35, 48]
"Haylee"	["Red Sox", 41, 28]
"Hayleigh"	["Red Sox", 52, 26]
"Hayley"	["Red Sox", 42, 34]
"Haylie"	["Red Sox", 55, 34]
"Hazel"	["Cardinals", 36, 41]
"Heath"	["Red Sox", 46, 25]
"Heather"	["Cardinals", 27, 63]
"Heaven"	["Cardinals", 39, 43]
"Hector"	["Red Sox", 49, 25]
"Heidi"	["Cardinals", 35, 47]
"Helen"	["Red Sox", 58, 23]
"Helena"	["Red Sox", 53, 30]
"Hendrix"	["Cardinals", 19, 49]
"Henry"	["Red Sox", 49, 33]
"Hezekiah"	["Red Sox", 49, 36]
"Holden"	["Cardinals", 29, 44]
"Holly"	["Cardinals", 31, 52]
"Hope"	["Red Sox", 45, 29]
"Houston"	["Red Sox", 41, 27]
"Howard"	["Red Sox", 58, 33]
"Hudson"	["Cardinals", 35, 48]
"Hugh"	["Red Sox", 48, 31]
"Hugo"	["Cardinals", 30, 48]
"Hunter"	["Red Sox", 58, 21]
"Ian"	["Red Sox", 55, 29]
"Ibrahim"	["Red Sox", 34, 37]
"Ignacio"	["Cardinals", 24, 57]
"Iker"	["Cardinals", 30, 45]
"Iliana"	["Red Sox", 46, 29]
"Imani"	["Cardinals", 25, 53]
"Immanuel"	["Red Sox", 55, 34]
"Ingrid"	["Red Sox", 45, 23]
"Irene"	["Cardinals", 33, 43]
"Iris"	["Red Sox", 49, 20]
"Isaac"	["Cardinals", 13, 55]
"Isabel"	["Cardinals", 30, 47]
"Isabela"	["Red Sox", 51, 28]
"Isabella"	["Red Sox", 56, 30]
"Isabelle"	["Cardinals", 42, 46]
"Isai"	["Red Sox", 48, 30]
"Isaiah"	["Cardinals", 38, 50]
"Isaias"	["Cardinals", 28, 46]
"Ishaan"	["Red Sox", 47, 38]
"Isiah"	["Cardinals", 20, 50]
"Isis"	["Red Sox", 50, 34]
"Isla"	["Cardinals", 27, 52]
"Ismael"	["Red Sox", 51, 23]
"Israel"	["Red Sox", 43, 26]
"Issac"	["Red Sox", 57, 33]
"Itzel"	["Red Sox", 40, 28]
"Ivan"	["Red Sox", 47, 25]
"Ivanna"	["Red Sox", 47, 30]
"Ivy"	["Cardinals", 26, 50]
"Izabella"	["Red Sox", 52, 25]
"Izabelle"	["Red Sox", 44, 32]
"Izaiah"	["Cardinals", 26, 40]
"Izayah"	["Red Sox", 48, 34]
"Jabari"	["Red Sox", 44, 39]
"Jace"	["Red Sox", 50, 42]
"Jack"	["Red Sox", 63, 36]
"Jackson"	["Red Sox", 42, 34]
"Jacob"	["Cardinals", 35, 48]
"Jacoby"	["Red Sox", 42, 37]
"Jacqueline"	["Red Sox", 57, 40]
"Jada"	["Cardinals", 27, 58]
"Jade"	["Cardinals", 31, 43]
"Jaden"	["Cardinals", 37, 43]
"Jadiel"	["Red Sox", 56, 34]
"Jadon"	["Red Sox", 57, 25]
"Jaeden"	["Cardinals", 19, 49]
"Jael"	["Red Sox", 47, 28]
"Jaelyn"	["Red Sox", 51, 28]
"Jaelynn"	["Red Sox", 65, 31]
"Jagger"	["Red Sox", 49, 28]
"Jaida"	["Red Sox", 46, 25]
"Jaiden"	["Cardinals", 24, 40]
"Jaidyn"	["Cardinals", 27, 57]
"Jaime"	["Cardinals", 32, 50]
"Jairo"	["Red Sox", 45, 25]
"Jakayla"	["Red Sox", 56, 21]
"Jake"	["Red Sox", 57, 30]
"Jakob"	["Red Sox", 41, 16]
"Jalen"	["Cardinals", 29, 49]
"Jaliyah"	["Red Sox", 49, 27]
"Jamal"	["Red Sox", 44, 28]
"Jamar"	["Red Sox", 45, 35]
"Jamari"	["Red Sox", 48, 18]
"Jamarion"	["Cardinals", 34, 56]
"James"	["Red Sox", 40, 28]
"Jameson"	["Red Sox", 56, 30]
"Jamie"	["Cardinals", 29, 45]
"Jamir"	["Red Sox", 46, 33]
"Jamison"	["Cardinals", 23, 51]
"Janae"	["Cardinals", 36, 53]
"Jane"	["Red Sox", 53, 28]
"Janelle"	["Red Sox", 42, 37]
"Janessa"	["Cardinals", 34, 31]
"Janiya"	["Cardinals", 28, 48]
"Janiyah"	["Red Sox", 48, 31]
"Jaqueline"	["Cardinals", 26, 50]
"Jared"	["Red Sox", 51, 27]
"Jarrett"	["Cardinals", 29, 51]
"Jase"	["Red Sox", 51, 31]
"Jasiah"	["Red Sox", 62, 25]
"Jasmin"	["Cardinals", 34, 52]
"Jasmine"	["Red Sox", 54, 29]
"Jason"	["Red Sox", 58, 23]
"Jasper"	["Red Sox", 54, 33]
"Javier"	["Red Sox", 57, 29]
"Javion"	["Red Sox", 51, 30]
"Javon"	["Cardinals", 36, 51]
"Jax"	["Red Sox", 45, 24]
"Jaxen"	["Cardinals", 30, 42]
"Jaxon"	["Red Sox", 42, 31]
"Jaxson"	["Red Sox", 49, 26]
"Jaxton"	["Red Sox", 55, 25]
"Jay"	["Cardinals", 23, 56]
"Jayce"	["Cardinals", 25, 42]
"Jaycee"	["Cardinals", 34, 60]
"Jaycob"	["Cardinals", 31, 62]
"Jayda"	["Red Sox", 45, 29]
"Jayde"	["Cardinals", 24, 44]
"Jayden"	["Cardinals", 23, 42]
"Jaydon"	["Red Sox", 40, 25]
"Jayla"	["Red Sox", 42, 30]
"Jaylah"	["Cardinals", 29, 53]
"Jaylee"	["Cardinals", 35, 58]
"Jayleen"	["Cardinals", 23, 36]
"Jaylen"	["Cardinals", 21, 46]
"Jaylene"	["Red Sox", 49, 33]
"Jaylin"	["Red Sox", 45, 22]
"Jaylon"	["Red Sox", 59, 25]
"Jaylynn"	["Cardinals", 30, 39]
"Jayson"	["Cardinals", 26, 60]
"Jazlyn"	["Cardinals", 29, 55]
"Jazlynn"	["Cardinals", 28, 53]
"Jazmin"	["Red Sox", 41, 25]
"Jazmine"	["Cardinals", 32, 40]
"Jazzlyn"	["Cardinals", 19, 44]
"Jedidiah"	["Cardinals", 35, 39]
"Jefferson"	["Red Sox", 57, 23]
"Jeffery"	["Red Sox", 55, 25]
"Jeffrey"	["Red Sox", 41, 26]
"Jemma"	["Red Sox", 53, 26]
"Jenna"	["Red Sox", 53, 28]
"Jennifer"	["Red Sox", 39, 25]
"Jenny"	["Red Sox", 55, 30]
"Jensen"	["Cardinals", 19, 51]
"Jeremiah"	["Red Sox", 45, 30]
"Jeremy"	["Red Sox", 44, 25]
"Jermaine"	["Cardinals", 29, 58]
"Jerome"	["Red Sox", 55, 27]
"Jerry"	["Red Sox", 51, 30]
"Jessa"	["Red Sox", 52, 23]
"Jesse"	["Cardinals", 35, 62]
"Jessica"	["Cardinals", 41, 44]
"Jessie"	["Cardinals", 20, 45]
"Jesus"	["Red Sox", 50, 31]
"Jett"	["Cardinals", 34, 40]
"Jewel"	["Red Sox", 47, 32]
"Jillian"	["Red Sox", 49, 20]
"Jimena"	["Cardinals", 28, 45]
"Jimmy"	["Red Sox", 56, 34]
"Jionni"	["Red Sox", 52, 32]
"Joanna"	["Cardinals", 19, 46]
"Joaquin"	["Cardinals", 31, 45]
"Jocelyn"	["Red Sox", 53, 33]
"Jocelynn"	["Cardinals", 23, 46]
"Joe"	["Cardinals", 29, 54]
"Joel"	["Red Sox", 59, 35]
"Joey"	["Cardinals", 29, 49]
"Johan"	["Cardinals", 34, 57]
"Johann"	["Red Sox", 42, 27]
"Johanna"	["Red Sox", 56, 26]
"John"	["Cardinals", 40, 49]
"Johnathan"	["Red Sox", 51, 21]
"Johnathon"	["Cardinals", 34, 40]
"Johnny"	["Cardinals", 30, 45]
"Jolene"	["Red Sox", 60, 29]
"Jolie"	["Cardinals", 34, 54]
"Jon"	["Cardinals", 30, 52]
"Jonah"	["Cardinals", 30, 53]
"Jonas"	["Cardinals", 36, 38]
"Jonathan"	["Cardinals", 31, 44]
"Jonathon"	["Cardinals", 35, 47]
"Jordan"	["Cardinals", 25, 38]
"Jorden"	["Red Sox", 63, 37]
"Jordyn"	["Cardinals", 31, 54]
"Jordynn"	["Cardinals", 32, 39]
"Jorge"	["Red Sox", 53, 28]
"Jose"	["Red Sox", 40, 24]
"Joselyn"	["Red Sox", 38, 32]
"Joseph"	["Cardinals", 28, 46]
"Josephine"	["Cardinals", 31, 51]
"Joshua"	["Cardinals", 37, 46]
"Josiah"	["Cardinals", 31, 55]
"Josie"	["Cardinals", 30, 40]
"Joslyn"	["Red Sox", 44, 28]
"Josue"	["Cardinals", 36, 56]
"Journee"	["Cardinals", 34, 43]
"Journey"	["Red Sox", 64, 30]
"Jovani"	["Cardinals", 28, 46]
"Jovanni"	["Cardinals", 29, 52]
"Joy"	["Red Sox", 43, 32]
"Joyce"	["Cardinals", 21, 55]
"Joziah"	["Red Sox", 41, 25]
"Juan"	["Cardinals", 28, 44]
"Judah"	["Cardinals", 18, 57]
"Jude"	["Red Sox", 49, 24]
"Judith"	["Red Sox", 49, 27]
"Juelz"	["Cardinals", 27, 46]
"Julia"	["Cardinals", 29, 45]
"Julian"	["Red Sox", 55, 32]
"Juliana"	["Red Sox", 54, 30]
"Julianna"	["Cardinals", 25, 51]
"Julianne"	["Red Sox", 46, 34]
"Julie"	["Red Sox", 51, 32]
"Julien"	["Red Sox", 50, 34]
"Juliet"	["Red Sox", 51, 27]
"Juliette"	["Red Sox", 56, 28]
"Julio"	["Cardinals", 32, 53]
"Julissa"	["Cardinals", 24, 55]
"Julius"	["Red Sox", 62, 31]
"June"	["Red Sox", 46, 17]
"Junior"	["Cardinals", 32, 37]
"Juniper"	["Red Sox", 37, 25]
"Justice"	["Red Sox", 51, 28]
"Justin"	["Red Sox", 45, 26]
"Justus"	["Cardinals", 19, 58]
"Kade"	["Cardinals", 26, 47]
"Kaden"	["Cardinals", 29, 50]
"Kadence"	["Cardinals", 28, 46]
"Kaeden"	["Cardinals", 40, 51]
"Kael"	["Cardinals", 23, 51]
"Kaelyn"	["Cardinals", 30, 41]
"Kaelynn"	["Red Sox", 37, 25]
"Kai"	["Cardinals", 30, 59]
"Kaia"	["Red Sox", 59, 32]
"Kaiden"	["Cardinals", 28, 52]
"Kailee"	["Red Sox", 48, 25]
"Kailey"	["Red Sox", 48, 24]
"Kailyn"	["Cardinals", 33, 56]
"Kailynn"	["Red Sox", 46, 24]
"Kairi"	["Cardinals", 33, 46]
"Kaitlin"	["Cardinals", 23, 49]
"Kaitlyn"	["Cardinals", 31, 50]
"Kaitlynn"	["Red Sox", 57, 29]
"Kaiya"	["Red Sox", 54, 24]
"Kale"	["Red Sox", 60, 30]
"Kaleb"	["Red Sox", 48, 20]
"Kaleigh"	["Red Sox", 46, 29]
"Kali"	["Red Sox", 50, 36]
"Kaliyah"	["Cardinals", 28, 49]
"Kallie"	["Red Sox", 52, 33]
"Kamari"	["Cardinals", 33, 56]
"Kamden"	["Red Sox", 54, 29]
"Kameron"	["Cardinals", 34, 53]
"Kamila"	["Red Sox", 47, 33]
"Kamron"	["Cardinals", 32, 42]
"Kamryn"	["Red Sox", 44, 22]
"Kane"	["Red Sox", 54, 39]
"Kara"	["Cardinals", 29, 49]
"Kareem"	["Red Sox", 59, 32]
"Karen"	["Cardinals", 34, 49]
"Karina"	["Red Sox", 53, 21]
"Karis"	["Red Sox", 34, 21]
"Karissa"	["Red Sox", 53, 42]
"Karla"	["Cardinals", 40, 52]
"Karlee"	["Cardinals", 26, 47]
"Karlie"	["Cardinals", 34, 49]
"Karma"	["Red Sox", 44, 26]
"Karsen"	["Cardinals", 31, 42]
"Karson"	["Red Sox", 45, 31]
"Karsyn"	["Cardinals", 31, 41]
"Karter"	["Red Sox", 54, 38]
"Kase"	["Red Sox", 51, 34]
"Kasen"	["Red Sox", 49, 23]
"Kasey"	["Cardinals", 33, 49]
"Kash"	["Cardinals", 36, 46]
"Kason"	["Red Sox", 62, 25]
"Kassandra"	["Cardinals", 30, 50]
"Kassidy"	["Red Sox", 48, 33]
"Katalina"	["Red Sox", 62, 35]
"Kate"	["Red Sox", 57, 23]
"Katelyn"	["Cardinals", 25, 50]
"Katelynn"	["Red Sox", 56, 24]
"Katherine"	["Cardinals", 28, 41]
"Kathleen"	["Cardinals", 20, 39]
"Kathryn"	["Red Sox", 53, 23]
"Katie"	["Red Sox", 44, 30]
"Katrina"	["Red Sox", 40, 32]
"Kaya"	["Cardinals", 28, 48]
"Kayden"	["Cardinals", 42, 40]
"Kaydence"	["Cardinals", 29, 42]
"Kayla"	["Red Sox", 61, 31]
"Kaylee"	["Red Sox", 46, 40]
"Kayleigh"	["Cardinals", 31, 41]
"Kaylen"	["Cardinals", 30, 44]
"Kaylie"	["Cardinals", 25, 57]
"Kaylin"	["Red Sox", 57, 36]
"Kaylyn"	["Cardinals", 36, 50]
"Kaylynn"	["Cardinals", 37, 56]
"Kaysen"	["Cardinals", 30, 44]
"Kayson"	["Cardinals", 28, 47]
"Keagan"	["Red Sox", 60, 29]
"Keaton"	["Red Sox", 54, 38]
"Keegan"	["Cardinals", 31, 52]
"Keenan"	["Cardinals", 29, 51]
"Keira"	["Red Sox", 62, 28]
"Keith"	["Red Sox", 46, 32]
"Kellan"	["Red Sox", 50, 29]
"Kellen"	["Cardinals", 28, 62]
"Kelly"	["Cardinals", 34, 39]
"Kelsey"	["Red Sox", 55, 37]
"Kelvin"	["Cardinals", 33, 60]
"Kendal"	["Cardinals", 28, 42]
"Kendall"	["Red Sox", 53, 35]
"Kendra"	["Red Sox", 47, 30]
"Kendrick"	["Cardinals", 45, 48]
"Kendyl"	["Cardinals", 31, 49]
"Kenia"	["Cardinals", 36, 52]
"Kenley"	["Cardinals", 25, 45]
"Kenna"	["Cardinals", 23, 50]
"Kennedi"	["Red Sox", 54, 22]
"Kennedy"	["Cardinals", 35, 59]
"Kenneth"	["Red Sox", 59, 24]
"Kenny"	["Red Sox", 50, 22]
"Kensley"	["Red Sox", 58, 30]
"Kenya"	["Red Sox", 63, 32]
"Kenzie"	["Cardinals", 21, 58]
"Kevin"	["Cardinals", 30, 47]
"Keyla"	["Cardinals", 31, 45]
"Khalil"	["Cardinals", 26, 50]
"Khloe"	["Red Sox", 53, 28]
"Kian"	["Cardinals", 40, 51]
"Kiana"	["Cardinals", 27, 45]
"Kiara"	["Cardinals", 23, 58]
"Kiera"	["Red Sox", 55, 22]
"Kieran"	["Red Sox", 53, 31]
"Kiley"	["Red Sox", 37, 27]
"Killian"	["Red Sox", 51, 26]
"Kimber"	["Red Sox", 46, 28]
"Kimberly"	["Red Sox", 54, 32]
"Kimora"	["Red Sox", 36, 33]
"King"	["Red Sox", 48, 29]
"Kingsley"	["Red Sox", 41, 22]
"Kingston"	["Cardinals", 33, 43]
"Kinley"	["Red Sox", 54, 34]
"Kinsley"	["Red Sox", 52, 27]
"Kira"	["Cardinals", 35, 38]
"Kirsten"	["Red Sox", 50, 24]
"Knox"	["Red Sox", 38, 26]
"Kobe"	["Red Sox", 51, 18]
"Kody"	["Cardinals", 26, 45]
"Kohen"	["Cardinals", 30, 47]
"Kolby"	["Cardinals", 34, 43]
"Kole"	["Red Sox", 51, 28]
"Kolten"	["Cardinals", 37, 43]
"Kolton"	["Red Sox", 60, 37]
"Konner"	["Red Sox", 39, 21]
"Konnor"	["Cardinals", 26, 46]
"Kora"	["Red Sox", 49, 32]
"Korbin"	["Red Sox", 49, 32]
"Kourtney"	["Red Sox", 39, 24]
"Krish"	["Cardinals", 35, 39]
"Kristen"	["Red Sox", 45, 27]
"Kristian"	["Red Sox", 58, 30]
"Kristina"	["Red Sox", 45, 28]
"Kristopher"	["Cardinals", 25, 52]
"Krystal"	["Red Sox", 57, 33]
"Kyla"	["Red Sox", 52, 30]
"Kylah"	["Red Sox", 50, 26]
"Kylan"	["Red Sox", 37, 33]
"Kyle"	["Red Sox", 41, 37]
"Kylee"	["Cardinals", 34, 52]
"Kyleigh"	["Cardinals", 30, 55]
"Kylen"	["Cardinals", 25, 42]
"Kyler"	["Cardinals", 29, 48]
"Kylie"	["Cardinals", 39, 56]
"Kymani"	["Cardinals", 26, 60]
"Kyndal"	["Red Sox", 41, 30]
"Kyndall"	["Red Sox", 38, 30]
"Kynlee"	["Red Sox", 43, 28]
"Kyra"	["Cardinals", 35, 52]
"Kyree"	["Red Sox", 54, 31]
"Kyrie"	["Red Sox", 46, 31]
"Kyson"	["Cardinals", 19, 38]
"Lacey"	["Cardinals", 18, 49]
"Laila"	["Cardinals", 34, 52]
"Lailah"	["Cardinals", 33, 47]
"Lainey"	["Red Sox", 50, 44]
"Lamar"	["Cardinals", 23, 46]
"Lana"	["Cardinals", 23, 41]
"Lance"	["Red Sox", 50, 37]
"Landen"	["Red Sox", 54, 29]
"Landon"	["Cardinals", 23, 47]
"Landry"	["Red Sox", 56, 32]
"Landyn"	["Cardinals", 27, 49]
"Lane"	["Cardinals", 19, 47]
"Laney"	["Cardinals", 28, 62]
"Lara"	["Red Sox", 49, 29]
"Larissa"	["Red Sox", 51, 27]
"Larry"	["Cardinals", 27, 57]
"Laura"	["Red Sox", 57, 40]
"Laurel"	["Cardinals", 20, 40]
"Lauren"	["Cardinals", 18, 50]
"Lauryn"	["Red Sox", 52, 32]
"Lawrence"	["Red Sox", 37, 40]
"Lawson"	["Red Sox", 63, 26]
"Layla"	["Cardinals", 37, 47]
"Laylah"	["Red Sox", 60, 26]
"Layne"	["Red Sox", 64, 30]
"Layton"	["Red Sox", 52, 24]
"Lea"	["Red Sox", 62, 28]
"Leah"	["Cardinals", 21, 34]
"Leandro"	["Cardinals", 31, 56]
"Leanna"	["Cardinals", 40, 56]
"Lee"	["Cardinals", 28, 42]
"Legend"	["Red Sox", 37, 33]
"Leia"	["Red Sox", 50, 31]
"Leighton"	["Cardinals", 29, 50]
"Leila"	["Red Sox", 46, 32]
"Leilani"	["Cardinals", 34, 52]
"Leland"	["Red Sox", 51, 21]
"Lena"	["Cardinals", 20, 49]
"Lennon"	["Red Sox", 45, 29]
"Lennox"	["Cardinals", 21, 49]
"Leo"	["Cardinals", 32, 32]
"Leon"	["Red Sox", 50, 28]
"Leona"	["Cardinals", 36, 46]
"Leonard"	["Cardinals", 32, 49]
"Leonardo"	["Cardinals", 29, 55]
"Leonel"	["Cardinals", 26, 36]
"Leonidas"	["Cardinals", 33, 54]
"Leroy"	["Red Sox", 57, 31]
"Leslie"	["Cardinals", 30, 45]
"Lesly"	["Red Sox", 40, 37]
"Levi"	["Red Sox", 61, 31]
"Lewis"	["Red Sox", 45, 36]
"Lexi"	["Cardinals", 23, 42]
"Lexie"	["Red Sox", 44, 27]
"Leyla"	["Cardinals", 26, 42]
"Lia"	["Red Sox", 49, 29]
"Liam"	["Cardinals", 30, 44]
"Liana"	["Red Sox", 48, 34]
"Libby"	["Red Sox", 53, 28]
"Liberty"	["Cardinals", 21, 55]
"Lila"	["Cardinals", 31, 44]
"Lilah"	["Cardinals", 34, 43]
"Lilia"	["Red Sox", 60, 36]
"Lilian"	["Red Sox", 43, 27]
"Liliana"	["Red Sox", 55, 42]
"Lilianna"	["Red Sox", 56, 24]
"Lilith"	["Red Sox", 45, 15]
"Lillian"	["Cardinals", 24, 51]
"Lilliana"	["Cardinals", 30, 46]
"Lillianna"	["Cardinals", 33, 56]
"Lillie"	["Cardinals", 23, 37]
"Lilly"	["Cardinals", 29, 45]
"Lillyana"	["Red Sox", 45, 30]
"Lily"	["Cardinals", 33, 48]
"Lilyana"	["Red Sox", 44, 32]
"Lilyanna"	["Cardinals", 30, 56]
"Lina"	["Red Sox", 46, 29]
"Lincoln"	["Cardinals", 24, 48]
"Linda"	["Cardinals", 32, 48]
"Lindsay"	["Cardinals", 34, 39]
"Lindsey"	["Cardinals", 36, 51]
"Lionel"	["Red Sox", 37, 21]
"Lisa"	["Cardinals", 39, 44]
"Litzy"	["Cardinals", 35, 51]
"Livia"	["Red Sox", 52, 36]
"Lizbeth"	["Cardinals", 24, 54]
"Logan"	["Red Sox", 50, 40]
"Lola"	["Cardinals", 35, 55]
"London"	["Red Sox", 39, 26]
"Londyn"	["Red Sox", 50, 33]
"Lorelai"	["Red Sox", 42, 27]
"Lorelei"	["Red Sox", 48, 32]
"Lorenzo"	["Red Sox", 42, 37]
"Louis"	["Red Sox", 51, 22]
"Luca"	["Red Sox", 42, 41]
"Lucas"	["Cardinals", 22, 46]
"Lucca"	["Cardinals", 27, 49]
"Lucia"	["Red Sox", 43, 36]
"Lucian"	["Red Sox", 55, 27]
"Luciana"	["Cardinals", 34, 41]
"Luciano"	["Red Sox", 48, 22]
"Lucille"	["Cardinals", 29, 59]
"Lucy"	["Red Sox", 57, 23]
"Luis"	["Cardinals", 34, 43]
"Luka"	["Cardinals", 25, 45]
"Lukas"	["Red Sox", 53, 23]
"Luke"	["Red Sox", 48, 23]
"Luna"	["Red Sox", 41, 28]
"Luz"	["Cardinals", 26, 36]
"Lydia"	["Cardinals", 33, 42]
"Lyla"	["Cardinals", 20, 52]
"Lylah"	["Red Sox", 51, 26]
"Lyric"	["Cardinals", 38, 47]
"Macey"	["Cardinals", 30, 51]
"Maci"	["Cardinals", 28, 59]
"Macie"	["Red Sox", 48, 25]
"Mack"	["Cardinals", 37, 54]
"Mackenzie"	["Cardinals", 34, 38]
"Macy"	["Red Sox", 48, 31]
"Madalyn"	["Cardinals", 37, 53]
"Madalynn"	["Cardinals", 23, 43]
"Madden"	["Red Sox", 36, 33]
"Maddison"	["Cardinals", 35, 53]
"Maddox"	["Cardinals", 43, 56]
"Madeleine"	["Red Sox", 60, 29]
"Madeline"	["Cardinals", 31, 45]
"Madelyn"	["Red Sox", 46, 30]
"Madelynn"	["Red Sox", 59, 25]
"Madilyn"	["Red Sox", 39, 35]
"Madilynn"	["Red Sox", 52, 24]
"Madison"	["Cardinals", 28, 49]
"Madisyn"	["Cardinals", 33, 48]
"Madyson"	["Red Sox", 46, 24]
"Mae"	["Cardinals", 28, 64]
"Maeve"	["Cardinals", 30, 50]
"Maggie"	["Cardinals", 28, 41]
"Maia"	["Red Sox", 45, 32]
"Maison"	["Cardinals", 31, 45]
"Major"	["Red Sox", 49, 22]
"Makai"	["Red Sox", 55, 41]
"Makayla"	["Red Sox", 49, 37]
"Makenna"	["Red Sox", 50, 33]
"Makenzie"	["Red Sox", 51, 32]
"Makhi"	["Cardinals", 29, 46]
"Malachi"	["Red Sox", 53, 32]
"Malakai"	["Red Sox", 53, 24]
"Malaki"	["Red Sox", 55, 30]
"Malaya"	["Red Sox", 54, 28]
"Malaysia"	["Red Sox", 45, 25]
"Malcolm"	["Cardinals", 31, 44]
"Maleah"	["Red Sox", 50, 38]
"Malia"	["Cardinals", 25, 35]
"Maliah"	["Red Sox", 58, 34]
"Malik"	["Cardinals", 29, 47]
"Maliyah"	["Red Sox", 47, 27]
"Mallory"	["Cardinals", 27, 35]
"Manuel"	["Red Sox", 49, 23]
"Mara"	["Red Sox", 42, 22]
"Marc"	["Red Sox", 46, 30]
"Marcel"	["Cardinals", 31, 46]
"Marcelo"	["Red Sox", 47, 33]
"Marco"	["Red Sox", 44, 27]
"Marcos"	["Red Sox", 38, 24]
"Marcus"	["Cardinals", 27, 45]
"Margaret"	["Cardinals", 30, 49]
"Maria"	["Cardinals", 24, 51]
"Mariah"	["Red Sox", 47, 24]
"Mariam"	["Cardinals", 26, 58]
"Mariana"	["Cardinals", 25, 59]
"Marianna"	["Red Sox", 50, 35]
"Marie"	["Red Sox", 46, 27]
"Marilyn"	["Red Sox", 56, 31]
"Marina"	["Red Sox", 45, 32]
"Mario"	["Cardinals", 32, 42]
"Marisa"	["Red Sox", 49, 32]
"Marisol"	["Cardinals", 30, 43]
"Marissa"	["Red Sox", 39, 29]
"Maritza"	["Red Sox", 57, 22]
"Mariyah"	["Cardinals", 28, 44]
"Mark"	["Red Sox", 42, 23]
"Markus"	["Cardinals", 32, 40]
"Marlee"	["Cardinals", 28, 47]
"Marlene"	["Cardinals", 30, 47]
"Marley"	["Red Sox", 47, 30]
"Marlon"	["Red Sox", 50, 36]
"Marquis"	["Red Sox", 48, 34]
"Marshall"	["Cardinals", 31, 60]
"Martha"	["Red Sox", 45, 28]
"Martin"	["Cardinals", 34, 41]
"Marvin"	["Cardinals", 24, 40]
"Mary"	["Cardinals", 24, 47]
"Maryam"	["Red Sox", 51, 27]
"Masen"	["Cardinals", 28, 47]
"Mason"	["Red Sox", 59, 22]
"Mateo"	["Red Sox", 56, 29]
"Mathew"	["Red Sox", 49, 24]
"Mathias"	["Cardinals", 32, 43]
"Matias"	["Cardinals", 34, 39]
"Matilda"	["Red Sox", 50, 32]
"Matteo"	["Cardinals", 32, 45]
"Matthew"	["Red Sox", 44, 19]
"Matthias"	["Red Sox", 43, 33]
"Mattie"	["Red Sox", 61, 38]
"Maurice"	["Cardinals", 38, 38]
"Mauricio"	["Red Sox", 55, 26]
"Maverick"	["Red Sox", 49, 31]
"Max"	["Red Sox", 48, 28]
"Maxim"	["Cardinals", 31, 55]
"Maximilian"	["Red Sox", 38, 34]
"Maximiliano"	["Cardinals", 23, 54]
"Maximo"	["Red Sox", 47, 17]
"Maximus"	["Red Sox", 43, 18]
"Maxton"	["Red Sox", 52, 24]
"Maxwell"	["Red Sox", 45, 33]
"Maya"	["Cardinals", 48, 45]
"Mayson"	["Cardinals", 24, 63]
"Mckayla"	["Red Sox", 40, 29]
"Mckenna"	["Cardinals", 31, 50]
"Mckenzie"	["Red Sox", 46, 26]
"Mckinley"	["Red Sox", 62, 29]
"Meadow"	["Cardinals", 29, 56]
"Megan"	["Red Sox", 56, 27]
"Meghan"	["Cardinals", 31, 54]
"Mekhi"	["Cardinals", 27, 50]
"Melanie"	["Red Sox", 38, 34]
"Melany"	["Cardinals", 26, 46]
"Melina"	["Red Sox", 40, 32]
"Melissa"	["Red Sox", 45, 28]
"Melody"	["Red Sox", 58, 25]
"Melvin"	["Red Sox", 40, 27]
"Memphis"	["Cardinals", 29, 39]
"Mercedes"	["Cardinals", 27, 53]
"Meredith"	["Cardinals", 24, 42]
"Messiah"	["Cardinals", 35, 33]
"Mia"	["Cardinals", 32, 43]
"Miah"	["Cardinals", 28, 32]
"Micah"	["Cardinals", 33, 43]
"Michael"	["Cardinals", 39, 47]
"Michaela"	["Red Sox", 44, 29]
"Micheal"	["Red Sox", 61, 27]
"Michelle"	["Cardinals", 21, 56]
"Miguel"	["Red Sox", 48, 26]
"Mikaela"	["Red Sox", 55, 24]
"Mikayla"	["Red Sox", 46, 34]
"Mike"	["Red Sox", 54, 23]
"Mila"	["Red Sox", 50, 34]
"Milan"	["Cardinals", 23, 35]
"Milana"	["Cardinals", 26, 43]
"Milania"	["Cardinals", 28, 46]
"Milena"	["Cardinals", 32, 46]
"Miles"	["Cardinals", 31, 51]
"Miley"	["Cardinals", 28, 42]
"Millie"	["Cardinals", 28, 40]
"Milo"	["Cardinals", 26, 37]
"Mina"	["Cardinals", 37, 45]
"Mira"	["Red Sox", 58, 22]
"Miracle"	["Cardinals", 26, 31]
"Miranda"	["Cardinals", 32, 46]
"Miriam"	["Red Sox", 39, 27]
"Misael"	["Red Sox", 49, 28]
"Mitchell"	["Cardinals", 28, 50]
"Miya"	["Red Sox", 49, 26]
"Mohamed"	["Cardinals", 28, 48]
"Mohammad"	["Red Sox", 49, 25]
"Mohammed"	["Cardinals", 26, 54]
"Moises"	["Red Sox", 51, 22]
"Mollie"	["Red Sox", 72, 21]
"Molly"	["Cardinals", 25, 44]
"Monica"	["Cardinals", 32, 40]
"Monroe"	["Red Sox", 47, 25]
"Morgan"	["Cardinals", 30, 49]
"Moriah"	["Red Sox", 49, 26]
"Moses"	["Cardinals", 34, 46]
"Moshe"	["Red Sox", 50, 22]
"Muhammad"	["Cardinals", 21, 52]
"Mustafa"	["Cardinals", 29, 59]
"Mya"	["Cardinals", 26, 48]
"Myah"	["Red Sox", 51, 35]
"Myla"	["Red Sox", 46, 27]
"Myles"	["Cardinals", 36, 41]
"Myra"	["Cardinals", 29, 49]
"Nadia"	["Cardinals", 30, 53]
"Nahla"	["Red Sox", 54, 22]
"Nancy"	["Red Sox", 46, 27]
"Naomi"	["Red Sox", 38, 24]
"Nash"	["Cardinals", 22, 53]
"Nasir"	["Red Sox", 36, 35]
"Natalee"	["Red Sox", 31, 27]
"Natalia"	["Red Sox", 59, 25]
"Natalie"	["Cardinals", 31, 42]
"Nataly"	["Cardinals", 26, 51]
"Natalya"	["Red Sox", 35, 17]
"Natasha"	["Red Sox", 70, 18]
"Nathalie"	["Cardinals", 28, 48]
"Nathaly"	["Red Sox", 54, 26]
"Nathan"	["Red Sox", 54, 20]
"Nathanael"	["Red Sox", 56, 31]
"Nathaniel"	["Cardinals", 37, 47]
"Nayeli"	["Cardinals", 24, 53]
"Nehemiah"	["Red Sox", 47, 31]
"Neil"	["Cardinals", 30, 50]
"Nelson"	["Cardinals", 26, 39]
"Nevaeh"	["Cardinals", 25, 49]
"Neymar"	["Cardinals", 21, 51]
"Nia"	["Red Sox", 38, 31]
"Nicholas"	["Red Sox", 47, 28]
"Nickolas"	["Cardinals", 33, 36]
"Nico"	["Red Sox", 53, 38]
"Nicolas"	["Cardinals", 35, 52]
"Nicole"	["Red Sox", 53, 38]
"Niko"	["Cardinals", 22, 55]
"Nikolai"	["Cardinals", 38, 55]
"Nikolas"	["Red Sox", 51, 19]
"Nina"	["Cardinals", 34, 44]
"Nixon"	["Cardinals", 31, 32]
"Noah"	["Red Sox", 50, 26]
"Noe"	["Cardinals", 34, 44]
"Noel"	["Red Sox", 45, 26]
"Noelle"	["Red Sox", 59, 34]
"Noemi"	["Red Sox", 42, 29]
"Nola"	["Red Sox", 58, 32]
"Nolan"	["Red Sox", 38, 30]
"Nora"	["Cardinals", 33, 39]
"Norah"	["Cardinals", 23, 46]
"Nova"	["Red Sox", 49, 31]
"Nyla"	["Red Sox", 42, 29]
"Nylah"	["Cardinals", 28, 48]
"Oakley"	["Cardinals", 35, 37]
"Odin"	["Cardinals", 26, 42]
"Olive"	["Red Sox", 53, 30]
"Oliver"	["Cardinals", 25, 51]
"Olivia"	["Cardinals", 26, 52]
"Omar"	["Red Sox", 50, 20]
"Omari"	["Cardinals", 32, 50]
"Orion"	["Red Sox", 54, 28]
"Orlando"	["Cardinals", 28, 56]
"Oscar"	["Red Sox", 46, 23]
"Osvaldo"	["Red Sox", 54, 20]
"Otto"	["Cardinals", 24, 60]
"Owen"	["Cardinals", 37, 62]
"Pablo"	["Red Sox", 45, 31]
"Paige"	["Red Sox", 49, 24]
"Paislee"	["Cardinals", 35, 51]
"Paisley"	["Red Sox", 40, 29]
"Paityn"	["Cardinals", 23, 37]
"Paloma"	["Cardinals", 24, 41]
"Paola"	["Cardinals", 41, 44]
"Paris"	["Red Sox", 43, 38]
"Parker"	["Cardinals", 29, 34]
"Patience"	["Cardinals", 29, 58]
"Patricia"	["Cardinals", 33, 53]
"Patrick"	["Cardinals", 28, 46]
"Paul"	["Red Sox", 54, 24]
"Paula"	["Red Sox", 42, 28]
"Paulina"	["Cardinals", 29, 51]
"Paxton"	["Red Sox", 41, 23]
"Payton"	["Red Sox", 53, 19]
"Pearl"	["Red Sox", 53, 37]
"Pedro"	["Cardinals", 30, 54]
"Penelope"	["Red Sox", 45, 36]
"Perla"	["Cardinals", 28, 54]
"Peter"	["Red Sox", 66, 23]
"Peyton"	["Red Sox", 52, 40]
"Philip"	["Red Sox", 45, 22]
"Phillip"	["Red Sox", 47, 28]
"Phoebe"	["Cardinals", 36, 58]
"Phoenix"	["Red Sox", 49, 34]
"Pierce"	["Red Sox", 52, 31]
"Piper"	["Red Sox", 39, 31]
"Porter"	["Red Sox", 35, 36]
"Presley"	["Cardinals", 26, 36]
"Preston"	["Cardinals", 27, 54]
"Prince"	["Red Sox", 50, 27]
"Princeton"	["Cardinals", 23, 45]
"Priscilla"	["Red Sox", 48, 24]
"Quentin"	["Red Sox", 44, 36]
"Quincy"	["Red Sox", 53, 26]
"Quinn"	["Cardinals", 31, 47]
"Quintin"	["Cardinals", 36, 45]
"Quinton"	["Red Sox", 60, 28]
"Rachael"	["Red Sox", 51, 31]
"Rachel"	["Cardinals", 34, 43]
"Raegan"	["Cardinals", 30, 54]
"Raelyn"	["Red Sox", 51, 25]
"Raelynn"	["Cardinals", 20, 46]
"Rafael"	["Red Sox", 53, 32]
"Raiden"	["Red Sox", 43, 33]
"Raina"	["Cardinals", 32, 46]
"Ramiro"	["Cardinals", 27, 57]
"Ramon"	["Red Sox", 59, 26]
"Randall"	["Cardinals", 25, 54]
"Randy"	["Red Sox", 52, 27]
"Raphael"	["Cardinals", 32, 46]
"Raquel"	["Red Sox", 54, 19]
"Rashad"	["Red Sox", 42, 32]
"Raul"	["Red Sox", 43, 32]
"Raven"	["Cardinals", 31, 47]
"Ray"	["Red Sox", 49, 28]
"Rayan"	["Red Sox", 48, 33]
"Rayden"	["Red Sox", 48, 26]
"Raylan"	["Cardinals", 31, 45]
"Raylee"	["Red Sox", 45, 32]
"Raymond"	["Cardinals", 30, 43]
"Rayna"	["Cardinals", 34, 50]
"Rayne"	["Red Sox", 41, 25]
"Reagan"	["Red Sox", 32, 29]
"Rebecca"	["Red Sox", 48, 30]
"Rebekah"	["Cardinals", 31, 41]
"Reece"	["Cardinals", 30, 54]
"Reed"	["Red Sox", 45, 25]
"Reese"	["Red Sox", 49, 25]
"Regan"	["Cardinals", 42, 36]
"Regina"	["Red Sox", 60, 36]
"Reginald"	["Red Sox", 53, 32]
"Reid"	["Cardinals", 36, 42]
"Remington"	["Cardinals", 26, 63]
"Remy"	["Cardinals", 24, 46]
"Renata"	["Red Sox", 48, 25]
"Rene"	["Cardinals", 25, 49]
"Renee"	["Cardinals", 30, 51]
"Reuben"	["Cardinals", 22, 42]
"Rex"	["Cardinals", 27, 49]
"Rey"	["Red Sox", 48, 33]
"Reyna"	["Red Sox", 50, 25]
"Rhett"	["Cardinals", 30, 45]
"Rhys"	["Cardinals", 28, 56]
"Ricardo"	["Cardinals", 43, 43]
"Richard"	["Red Sox", 53, 25]
"Ricky"	["Red Sox", 49, 26]
"Rihanna"	["Red Sox", 41, 32]
"Riley"	["Red Sox", 49, 39]
"River"	["Cardinals", 20, 43]
"Riya"	["Red Sox", 42, 33]
"Robert"	["Cardinals", 34, 55]
"Roberto"	["Cardinals", 33, 53]
"Rocco"	["Red Sox", 48, 22]
"Roderick"	["Cardinals", 43, 45]
"Rodney"	["Cardinals", 31, 48]
"Rodolfo"	["Red Sox", 48, 24]
"Rodrigo"	["Cardinals", 31, 51]
"Rogelio"	["Cardinals", 36, 50]
"Roger"	["Red Sox", 61, 37]
"Rohan"	["Cardinals", 25, 40]
"Roland"	["Red Sox", 51, 28]
"Rolando"	["Cardinals", 30, 51]
"Roman"	["Cardinals", 41, 33]
"Romeo"	["Cardinals", 26, 43]
"Ronald"	["Red Sox", 51, 32]
"Ronan"	["Cardinals", 34, 39]
"Ronin"	["Cardinals", 29, 53]
"Ronnie"	["Red Sox", 51, 24]
"Rory"	["Red Sox", 53, 25]
"Rosa"	["Cardinals", 23, 57]
"Rosalie"	["Cardinals", 37, 46]
"Rose"	["Cardinals", 42, 44]
"Roselyn"	["Red Sox", 57, 24]
"Rosemary"	["Red Sox", 50, 34]
"Ross"	["Red Sox", 49, 28]
"Rowan"	["Red Sox", 35, 29]
"Rowen"	["Cardinals", 34, 57]
"Roy"	["Cardinals", 33, 46]
"Royce"	["Red Sox", 40, 31]
"Ruben"	["Cardinals", 30, 43]
"Ruby"	["Cardinals", 20, 52]
"Rudy"	["Cardinals", 35, 60]
"Russell"	["Cardinals", 28, 47]
"Ruth"	["Red Sox", 38, 29]
"Ryan"	["Red Sox", 39, 25]
"Ryann"	["Cardinals", 26, 38]
"Ryder"	["Cardinals", 35, 44]
"Ryker"	["Cardinals", 22, 40]
"Rylan"	["Red Sox", 57, 25]
"Ryland"	["Red Sox", 45, 36]
"Rylee"	["Red Sox", 50, 30]
"Ryleigh"	["Cardinals", 24, 43]
"Rylen"	["Red Sox", 47, 37]
"Rylie"	["Red Sox", 50, 28]
"Saanvi"	["Red Sox", 50, 39]
"Sabrina"	["Red Sox", 47, 28]
"Sadie"	["Cardinals", 32, 46]
"Sage"	["Cardinals", 31, 58]
"Saige"	["Cardinals", 30, 44]
"Salma"	["Red Sox", 38, 21]
"Salvador"	["Red Sox", 55, 39]
"Salvatore"	["Red Sox", 48, 32]
"Sam"	["Red Sox", 36, 29]
"Samantha"	["Cardinals", 17, 46]
"Samara"	["Red Sox", 52, 34]
"Samir"	["Cardinals", 29, 47]
"Samiyah"	["Cardinals", 34, 43]
"Samson"	["Cardinals", 30, 61]
"Samuel"	["Red Sox", 49, 27]
"Sandra"	["Red Sox", 60, 14]
"Saniya"	["Cardinals", 31, 48]
"Saniyah"	["Cardinals", 33, 48]
"Santiago"	["Cardinals", 30, 46]
"Santino"	["Cardinals", 31, 51]
"Santos"	["Red Sox", 43, 38]
"Sara"	["Red Sox", 48, 28]
"Sarah"	["Red Sox", 45, 20]
"Sarahi"	["Red Sox", 55, 26]
"Sarai"	["Red Sox", 47, 31]
"Sariah"	["Red Sox", 48, 20]
"Sariyah"	["Red Sox", 54, 30]
"Sasha"	["Red Sox", 43, 20]
"Saul"	["Cardinals", 28, 50]
"Savanna"	["Red Sox", 52, 23]
"Savannah"	["Cardinals", 31, 45]
"Sawyer"	["Cardinals", 39, 40]
"Scarlet"	["Red Sox", 54, 39]
"Scarlett"	["Red Sox", 62, 23]
"Scarlette"	["Red Sox", 51, 34]
"Scott"	["Cardinals", 27, 53]
"Seamus"	["Cardinals", 23, 45]
"Sean"	["Red Sox", 49, 33]
"Sebastian"	["Cardinals", 46, 58]
"Selah"	["Red Sox", 39, 24]
"Selena"	["Cardinals", 33, 39]
"Semaj"	["Red Sox", 48, 31]
"Serena"	["Cardinals", 33, 40]
"Serenity"	["Red Sox", 45, 36]
"Sergio"	["Red Sox", 52, 30]
"Seth"	["Cardinals", 29, 47]
"Shane"	["Red Sox", 45, 25]
"Shannon"	["Red Sox", 59, 17]
"Sharon"	["Red Sox", 44, 31]
"Shaun"	["Red Sox", 37, 33]
"Shawn"	["Red Sox", 54, 32]
"Shayla"	["Cardinals", 33, 48]
"Shelby"	["Cardinals", 27, 44]
"Sheldon"	["Cardinals", 31, 48]
"Sherlyn"	["Red Sox", 53, 33]
"Shiloh"	["Red Sox", 50, 30]
"Sidney"	["Cardinals", 28, 50]
"Siena"	["Cardinals", 29, 49]
"Sienna"	["Cardinals", 27, 52]
"Sierra"	["Cardinals", 24, 58]
"Silas"	["Red Sox", 54, 28]
"Simeon"	["Red Sox", 48, 22]
"Simon"	["Red Sox", 38, 33]
"Simone"	["Red Sox", 61, 26]
"Sincere"	["Cardinals", 31, 49]
"Sky"	["Red Sox", 56, 24]
"Skye"	["Red Sox", 61, 28]
"Skyla"	["Red Sox", 52, 27]
"Skylar"	["Cardinals", 35, 62]
"Skyler"	["Cardinals", 33, 56]
"Sloan"	["Cardinals", 33, 41]
"Sloane"	["Red Sox", 45, 25]
"Sofia"	["Cardinals", 32, 49]
"Sofie"	["Red Sox", 50, 28]
"Solomon"	["Cardinals", 30, 50]
"Sonia"	["Cardinals", 27, 42]
"Sonny"	["Cardinals", 30, 46]
"Sophia"	["Red Sox", 39, 32]
"Sophie"	["Cardinals", 29, 38]
"Soren"	["Red Sox", 55, 30]
"Spencer"	["Red Sox", 47, 29]
"Stanley"	["Red Sox", 51, 29]
"Stefan"	["Cardinals", 22, 46]
"Stella"	["Cardinals", 41, 55]
"Stephanie"	["Cardinals", 32, 54]
"Stephen"	["Red Sox", 52, 29]
"Sterling"	["Red Sox", 55, 31]
"Steve"	["Cardinals", 35, 45]
"Steven"	["Cardinals", 23, 55]
"Sullivan"	["Cardinals", 25, 59]
"Summer"	["Cardinals", 30, 54]
"Susan"	["Cardinals", 29, 49]
"Sydney"	["Red Sox", 43, 38]
"Sylas"	["Cardinals", 30, 50]
"Sylvia"	["Red Sox", 56, 27]
"Tabitha"	["Red Sox", 40, 26]
"Talia"	["Cardinals", 35, 53]
"Taliyah"	["Red Sox", 54, 31]
"Talon"	["Red Sox", 48, 39]
"Tamia"	["Cardinals", 33, 55]
"Tanner"	["Cardinals", 28, 48]
"Tara"	["Cardinals", 34, 53]
"Taraji"	["Red Sox", 50, 29]
"Taryn"	["Red Sox", 46, 35]
"Tate"	["Red Sox", 48, 21]
"Tatiana"	["Red Sox", 47, 30]
"Tatum"	["Cardinals", 29, 46]
"Taylor"	["Red Sox", 48, 20]
"Teagan"	["Red Sox", 41, 33]
"Temperance"	["Cardinals", 36, 39]
"Tenley"	["Cardinals", 41, 49]
"Teresa"	["Red Sox", 46, 30]
"Terrance"	["Cardinals", 28, 53]
"Terrell"	["Cardinals", 30, 60]
"Terrence"	["Cardinals", 34, 55]
"Terry"	["Red Sox", 46, 29]
"Tess"	["Cardinals", 30, 48]
"Tessa"	["Cardinals", 27, 44]
"Thaddeus"	["Red Sox", 39, 23]
"Thalia"	["Red Sox", 47, 36]
"Theo"	["Cardinals", 28, 48]
"Theodore"	["Cardinals", 23, 45]
"Thiago"	["Cardinals", 28, 58]
"Thomas"	["Red Sox", 47, 25]
"Tia"	["Cardinals", 37, 56]
"Tiana"	["Red Sox", 35, 34]
"Tiffany"	["Red Sox", 61, 29]
"Timothy"	["Cardinals", 20, 48]
"Tinley"	["Red Sox", 49, 35]
"Titan"	["Red Sox", 63, 34]
"Titus"	["Red Sox", 59, 33]
"Tobias"	["Cardinals", 28, 48]
"Toby"	["Cardinals", 22, 48]
"Todd"	["Red Sox", 44, 21]
"Tomas"	["Cardinals", 29, 45]
"Tommy"	["Red Sox", 55, 31]
"Tony"	["Red Sox", 53, 28]
"Tori"	["Red Sox", 56, 31]
"Trace"	["Red Sox", 51, 31]
"Travis"	["Cardinals", 29, 41]
"Trent"	["Red Sox", 45, 31]
"Trenton"	["Cardinals", 29, 50]
"Trevon"	["Cardinals", 26, 51]
"Trevor"	["Cardinals", 26, 47]
"Trey"	["Cardinals", 27, 49]
"Trinity"	["Red Sox", 64, 37]
"Tripp"	["Red Sox", 60, 28]
"Tristan"	["Cardinals", 19, 32]
"Tristen"	["Cardinals", 32, 43]
"Tristian"	["Cardinals", 30, 36]
"Tristin"	["Red Sox", 51, 27]
"Triston"	["Cardinals", 30, 58]
"Troy"	["Cardinals", 34, 45]
"Truman"	["Cardinals", 21, 44]
"Trystan"	["Cardinals", 22, 36]
"Tucker"	["Red Sox", 41, 18]
"Turner"	["Red Sox", 52, 26]
"Ty"	["Cardinals", 29, 48]
"Tyler"	["Cardinals", 24, 43]
"Tyree"	["Red Sox", 48, 30]
"Tyrell"	["Cardinals", 29, 48]
"Tyrone"	["Cardinals", 33, 50]
"Tyson"	["Red Sox", 45, 29]
"Ulises"	["Red Sox", 49, 27]
"Uriah"	["Cardinals", 26, 51]
"Uriel"	["Cardinals", 24, 53]
"Urijah"	["Cardinals", 41, 61]
"Valentin"	["Cardinals", 29, 50]
"Valentina"	["Cardinals", 20, 47]
"Valentino"	["Cardinals", 30, 51]
"Valeria"	["Red Sox", 48, 21]
"Valerie"	["Cardinals", 33, 55]
"Van"	["Red Sox", 46, 31]
"Vance"	["Cardinals", 25, 53]
"Vanessa"	["Cardinals", 39, 45]
"Vaughn"	["Cardinals", 31, 54]
"Vera"	["Red Sox", 45, 22]
"Veronica"	["Red Sox", 50, 34]
"Vicente"	["Cardinals", 25, 49]
"Victor"	["Cardinals", 28, 46]
"Victoria"	["Red Sox", 58, 26]
"Vihaan"	["Cardinals", 38, 48]
"Vincent"	["Cardinals", 29, 62]
"Vincenzo"	["Red Sox", 48, 34]
"Violet"	["Red Sox", 52, 28]
"Virginia"	["Cardinals", 21, 39]
"Vivian"	["Red Sox", 49, 36]
"Viviana"	["Red Sox", 56, 29]
"Vivienne"	["Cardinals", 45, 53]
"Wade"	["Cardinals", 23, 50]
"Walker"	["Cardinals", 31, 37]
"Walter"	["Cardinals", 41, 45]
"Warren"	["Cardinals", 20, 39]
"Waylon"	["Cardinals", 40, 52]
"Wayne"	["Cardinals", 35, 64]
"Wendy"	["Red Sox", 39, 30]
"Wesley"	["Cardinals", 27, 36]
"Westin"	["Red Sox", 41, 21]
"Weston"	["Cardinals", 25, 53]
"Whitney"	["Cardinals", 26, 47]
"Will"	["Cardinals", 27, 38]
"Willa"	["Cardinals", 27, 44]
"William"	["Red Sox", 58, 34]
"Willie"	["Cardinals", 31, 47]
"Willow"	["Cardinals", 24, 48]
"Wilson"	["Cardinals", 31, 37]
"Winston"	["Red Sox", 46, 34]
"Winter"	["Cardinals", 37, 49]
"Wyatt"	["Cardinals", 31, 63]
"Xander"	["Cardinals", 22, 43]
"Xavi"	["Cardinals", 28, 50]
"Xavier"	["Cardinals", 27, 42]
"Ximena"	["Red Sox", 43, 35]
"Xzavier"	["Cardinals", 34, 47]
"Yael"	["Red Sox", 42, 23]
"Yahir"	["Cardinals", 26, 39]
"Yamileth"	["Red Sox", 57, 28]
"Yandel"	["Cardinals", 36, 44]
"Yareli"	["Cardinals", 28, 55]
"Yaretzi"	["Red Sox", 54, 28]
"Yaritza"	["Red Sox", 57, 43]
"Yasmin"	["Cardinals", 28, 42]
"Yehuda"	["Red Sox", 50, 20]
"Yesenia"	["Red Sox", 48, 23]
"Yosef"	["Cardinals", 32, 34]
"Yousef"	["Red Sox", 48, 30]
"Yusuf"	["Red Sox", 54, 24]
"Zachariah"	["Cardinals", 28, 48]
"Zachary"	["Cardinals", 36, 54]
"Zackary"	["Red Sox", 45, 23]
"Zahra"	["Red Sox", 60, 41]
"Zaid"	["Cardinals", 26, 49]
"Zaiden"	["Cardinals", 32, 40]
"Zain"	["Cardinals", 28, 54]
"Zaire"	["Red Sox", 44, 31]
"Zander"	["Red Sox", 49, 26]
"Zane"	["Cardinals", 25, 52]
"Zaniyah"	["Cardinals", 28, 40]
"Zara"	["Cardinals", 33, 47]
"Zaria"	["Cardinals", 32, 47]
"Zariah"	["Cardinals", 35, 50]
"Zariyah"	["Red Sox", 44, 36]
"Zavier"	["Red Sox", 52, 33]
"Zayden"	["Red Sox", 50, 25]
"Zayne"	["Cardinals", 41, 63]
"Zechariah"	["Red Sox", 53, 25]
"Zeke"	["Cardinals", 34, 50]
"Zion"	["Cardinals", 26, 40]
"Zoe"	["Red Sox", 45, 30]
"Zoey"	["Red Sox", 44, 38]
"Zoie"	["Red Sox", 46, 31]
"Zuri"	["Cardinals", 24, 64]
